android/app/build/intermediates/manifest_merge_blame_file/debug/manifest-merger-blame-debug-report.txt
1<?xml version="1.0" encoding="utf-8"?>
2<manifest xmlns:android="http://schemas.android.com/apk/res/android"
3    package="com.feadmin"
4    android:versionCode="1"
5    android:versionName="1.0" >
6
7    <uses-sdk
8        android:minSdkVersion="21"
9        android:targetSdkVersion="31" />
10
11    <uses-permission android:name="android.permission.SYSTEM_ALERT_WINDOW" />
11-->src\debug\AndroidManifest.xml:5:5-77
11-->src\debug\AndroidManifest.xml:5:22-75
12    <uses-permission android:name="android.permission.CAMERA" />
12-->src\debug\AndroidManifest.xml:6:1-60
12-->src\debug\AndroidManifest.xml:6:18-58
13    <uses-permission android:name="android.permission.WRITE_EXTERNAL_STORAGE" />
13-->src\debug\AndroidManifest.xml:7:1-76
13-->src\debug\AndroidManifest.xml:7:18-74
14    <uses-permission android:name="android.permission.INTERNET" />
14-->src\main\AndroidManifest.xml:4:5-67
14-->src\main\AndroidManifest.xml:4:22-64
15    <uses-permission android:name="android.permission.ACCESS_WIFI_STATE" />
15-->[com.facebook.flipper:flipper:0.125.0] AndroidManifest.xml:16:5-76
15-->[com.facebook.flipper:flipper:0.125.0] AndroidManifest.xml:16:22-73
16
17    <application
17-->src\main\AndroidManifest.xml:6:5-26:19
18        android:name="com.feadmin.MainApplication"
18-->src\main\AndroidManifest.xml:8:7-38
19        android:allowBackup="false"
19-->src\main\AndroidManifest.xml:12:7-34
20        android:appComponentFactory="androidx.core.app.CoreComponentFactory"
20-->[androidx.core:core:1.5.0] AndroidManifest.xml:24:18-86
21        android:debuggable="true"
22        android:icon="@mipmap/ic_launcher"
22-->src\main\AndroidManifest.xml:10:7-41
23        android:label="@string/app_name"
23-->src\main\AndroidManifest.xml:9:7-39
24        android:roundIcon="@mipmap/ic_launcher_round"
24-->src\main\AndroidManifest.xml:11:7-52
25        android:theme="@style/AppTheme"
25-->src\main\AndroidManifest.xml:13:7-38
26        android:usesCleartextTraffic="true" >
26-->src\main\AndroidManifest.xml:7:5-40
27        <activity
27-->src\debug\AndroidManifest.xml:12:9-111
28            android:name="com.facebook.react.devsupport.DevSettingsActivity"
28-->src\debug\AndroidManifest.xml:12:19-83
29            android:exported="false" />
29-->src\debug\AndroidManifest.xml:12:84-108
30        <activity
30-->src\main\AndroidManifest.xml:14:7-25:18
31            android:name="com.feadmin.MainActivity"
31-->src\main\AndroidManifest.xml:15:9-37
32            android:configChanges="keyboard|keyboardHidden|orientation|screenLayout|screenSize|smallestScreenSize|uiMode"
32-->src\main\AndroidManifest.xml:17:9-118
33            android:exported="true"
33-->src\main\AndroidManifest.xml:20:9-32
34            android:label="@string/app_name"
34-->src\main\AndroidManifest.xml:16:9-41
35            android:launchMode="singleTask"
35-->src\main\AndroidManifest.xml:18:9-40
36            android:windowSoftInputMode="adjustResize" >
36-->src\main\AndroidManifest.xml:19:9-51
37            <intent-filter>
37-->src\main\AndroidManifest.xml:21:9-24:25
38                <action android:name="android.intent.action.MAIN" />
38-->src\main\AndroidManifest.xml:22:13-65
38-->src\main\AndroidManifest.xml:22:21-62
39
40                <category android:name="android.intent.category.LAUNCHER" />
40-->src\main\AndroidManifest.xml:23:13-73
40-->src\main\AndroidManifest.xml:23:23-70
41            </intent-filter>
42        </activity>
43
44        <provider
44-->[:react-native-image-picker] AndroidManifest.xml:10:9-18:20
45            android:name="com.imagepicker.ImagePickerProvider"
45-->[:react-native-image-picker] AndroidManifest.xml:11:13-63
46            android:authorities="com.feadmin.imagepickerprovider"
46-->[:react-native-image-picker] AndroidManifest.xml:12:13-71
47            android:exported="false"
47-->[:react-native-image-picker] AndroidManifest.xml:13:13-37
48            android:grantUriPermissions="true" >
48-->[:react-native-image-picker] AndroidManifest.xml:14:13-47
49            <meta-data
49-->[:react-native-image-picker] AndroidManifest.xml:15:13-17:70
50                android:name="android.support.FILE_PROVIDER_PATHS"
50-->[:react-native-image-picker] AndroidManifest.xml:16:17-67
51                android:resource="@xml/imagepicker_provider_paths" />
51-->[:react-native-image-picker] AndroidManifest.xml:17:17-67
52        </provider>
53        <provider
53-->[:react-native-webview] AndroidManifest.xml:10:9-18:20
54            android:name="com.reactnativecommunity.webview.RNCWebViewFileProvider"
54-->[:react-native-webview] AndroidManifest.xml:11:13-83
55            android:authorities="com.feadmin.fileprovider"
55-->[:react-native-webview] AndroidManifest.xml:12:13-64
56            android:exported="false"
56-->[:react-native-webview] AndroidManifest.xml:13:13-37
57            android:grantUriPermissions="true" >
57-->[:react-native-webview] AndroidManifest.xml:14:13-47
58            <meta-data
58-->[:react-native-image-picker] AndroidManifest.xml:15:13-17:70
59                android:name="android.support.FILE_PROVIDER_PATHS"
59-->[:react-native-image-picker] AndroidManifest.xml:16:17-67
60                android:resource="@xml/file_provider_paths" />
60-->[:react-native-image-picker] AndroidManifest.xml:17:17-67
61        </provider>
62    </application>
63
64</manifest>